<?xml version="1.0" encoding="UTF-8"?>
<testng-results skipped="0" failed="0" ignored="0" total="1" passed="1">
  <reporter-output>
  </reporter-output>
  <suite name="Default suite" duration-ms="1396" started-at="2021-09-03T07:47:24Z" finished-at="2021-09-03T07:47:25Z">
    <groups>
    </groups>
    <test name="Default test" duration-ms="1396" started-at="2021-09-03T07:47:24Z" finished-at="2021-09-03T07:47:25Z">
      <class name="com.advancedreports.extReportTestNG">
        <test-method status="PASS" signature="test()[pri:0, instance:com.advancedreports.extReportTestNG@34c75a]" name="test" duration-ms="1321" started-at="2021-09-03T07:47:24Z" finished-at="2021-09-03T07:47:25Z">
          <reporter-output>
          </reporter-output>
        </test-method> <!-- test -->
      </class> <!-- com.advancedreports.extReportTestNG -->
    </test> <!-- Default test -->
  </suite> <!-- Default suite -->
</testng-results>
